#
# There is insufficient memory for the Java Runtime Environment to continue.
# Native memory allocation (malloc) failed to allocate 222298112 bytes for committing reserved memory.
# Possible reasons:
#   The system is out of physical RAM or swap space
#   In 32 bit mode, the process size limit was hit
# Possible solutions:
#   Reduce memory load on the system
#   Increase physical memory or swap space
#   Check if swap backing store is full
#   Use 64 bit Java on a 64 bit OS
#   Decrease Java heap size (-Xmx/-Xms)
#   Decrease number of Java threads
#   Decrease Java thread stack sizes (-Xss)
#   Set larger code cache with -XX:ReservedCodeCacheSize=
# This output file may be truncated or incomplete.
#
#  Out of Memory Error (os_linux.cpp:2769), pid=15880, tid=140550209042176
#
# JRE version: OpenJDK Runtime Environment (7.0_55-b14) (build 1.7.0_55-b14)
# Java VM: OpenJDK 64-Bit Server VM (24.51-b03 mixed mode linux-amd64 compressed oops)
# Failed to write core dump. Core dumps have been disabled. To enable core dumping, try "ulimit -c unlimited" before starting Java again
#

---------------  T H R E A D  ---------------

Current thread (0x00007fd4600f8000):  VMThread [stack: 0x00007fd465387000,0x00007fd465488000] [id=15884]

Stack: [0x00007fd465387000,0x00007fd465488000],  sp=0x00007fd465486410,  free space=1021k
Native frames: (J=compiled Java code, j=interpreted, Vv=VM code, C=native code)
V  [libjvm.so+0x9163c5]  VMError::report_and_die()+0x175
V  [libjvm.so+0x466804]  report_vm_out_of_memory(char const*, int, unsigned long, char const*)+0x74
V  [libjvm.so+0x7991cb]  os::pd_commit_memory(char*, unsigned long, unsigned long, bool)+0x20b
V  [libjvm.so+0x793a8f]  os::commit_memory(char*, unsigned long, unsigned long, bool)+0x1f
V  [libjvm.so+0x803dab]  PSVirtualSpace::expand_by(unsigned long)+0x5b
V  [libjvm.so+0x804c00]  PSYoungGen::resize_generation(unsigned long, unsigned long)+0xb0
V  [libjvm.so+0x8052eb]  PSYoungGen::resize(unsigned long, unsigned long)+0x1b
V  [libjvm.so+0x8015df]  PSScavenge::invoke_no_policy()+0xd6f
V  [libjvm.so+0x801da8]  PSScavenge::invoke()+0x38
V  [libjvm.so+0x7b8503]  ParallelScavengeHeap::failed_mem_allocate(unsigned long)+0x63
V  [libjvm.so+0x917dd4]  VM_ParallelGCFailedAllocation::doit()+0x84
V  [libjvm.so+0x91c427]  VM_Operation::evaluate()+0x47
V  [libjvm.so+0x91adf8]  VMThread::evaluate_operation(VM_Operation*)+0x318
V  [libjvm.so+0x91b259]  VMThread::loop()+0x219
V  [libjvm.so+0x91b6a2]  VMThread::run()+0x72
V  [libjvm.so+0x795e92]  java_start(Thread*)+0xf2

VM_Operation (0x00007fd4541f22a0): ParallelGCFailedAllocation, mode: safepoint, requested by thread 0x00007fd428023800


---------------  P R O C E S S  ---------------

Java Threads: ( => current thread )
  0x0000000001fc2000 JavaThread "pool-4-thread-5" [_thread_blocked, id=15917, stack(0x00007fd4541f9000,0x00007fd4542fa000)]
  0x00007fd428024000 JavaThread "pool-4-thread-4" [_thread_blocked, id=15916, stack(0x00007fd423cfd000,0x00007fd423dfe000)]
  0x00007fd428023800 JavaThread "pool-4-thread-3" [_thread_blocked, id=15915, stack(0x00007fd4540f8000,0x00007fd4541f9000)]
  0x00007fd46066f000 JavaThread "pool-4-thread-2" [_thread_blocked, id=15914, stack(0x00007fd423dfe000,0x00007fd423eff000)]
  0x00007fd46066e800 JavaThread "pool-4-thread-1" [_thread_blocked, id=15913, stack(0x00007fd423eff000,0x00007fd424000000)]
  0x00007fd46070d000 JavaThread "process reaper" daemon [_thread_blocked, id=15893, stack(0x00007fd4542fa000,0x00007fd454333000)]
  0x00007fd460128800 JavaThread "Service Thread" daemon [_thread_blocked, id=15890, stack(0x00007fd464ab8000,0x00007fd464bb9000)]
  0x00007fd460126000 JavaThread "C2 CompilerThread1" daemon [_thread_blocked, id=15889, stack(0x00007fd464bb9000,0x00007fd464cba000)]
  0x00007fd460123000 JavaThread "C2 CompilerThread0" daemon [_thread_blocked, id=15888, stack(0x00007fd464cba000,0x00007fd464dbb000)]
  0x00007fd460121000 JavaThread "Signal Dispatcher" daemon [_thread_blocked, id=15887, stack(0x00007fd464dbb000,0x00007fd464ebc000)]
  0x00007fd4600fe800 JavaThread "Finalizer" daemon [_thread_blocked, id=15886, stack(0x00007fd465185000,0x00007fd465286000)]
  0x00007fd4600fc800 JavaThread "Reference Handler" daemon [_thread_blocked, id=15885, stack(0x00007fd465286000,0x00007fd465387000)]
  0x00007fd46000a000 JavaThread "main" [_thread_blocked, id=15881, stack(0x00007fd46a026000,0x00007fd46a127000)]

Other Threads:
=>0x00007fd4600f8000 VMThread [stack: 0x00007fd465387000,0x00007fd465488000] [id=15884]
  0x00007fd460133000 WatcherThread [stack: 0x00007fd4649b7000,0x00007fd464ab8000] [id=15891]

VM state:at safepoint (normal execution)

VM Mutex/Monitor currently owned by a thread:  ([mutex/lock_event])
[0x00007fd460006480] Threads_lock - owner thread: 0x00007fd4600f8000
[0x00007fd460006980] Heap_lock - owner thread: 0x00007fd428023800

Heap
 PSYoungGen      total 285696K, used 21496K [0x00000000e0000000, 0x00000000f2c00000, 0x0000000100000000)
  eden space 264192K, 0% used [0x00000000e0000000,0x00000000e0000000,0x00000000f0200000)
  from space 21504K, 99% used [0x00000000f0200000,0x00000000f16fe328,0x00000000f1700000)
  to   space 21504K, 0% used [0x00000000f1700000,0x00000000f1700000,0x00000000f2c00000)
 ParOldGen       total 349696K, used 71518K [0x00000000a0000000, 0x00000000b5580000, 0x00000000e0000000)
  object space 349696K, 20% used [0x00000000a0000000,0x00000000a45d7a88,0x00000000b5580000)
 PSPermGen       total 54272K, used 53981K [0x0000000088000000, 0x000000008b500000, 0x00000000a0000000)
  object space 54272K, 99% used [0x0000000088000000,0x000000008b4b7698,0x000000008b500000)

Card table byte_map: [0x00007fd4668db000,0x00007fd466c9c000] byte_map_base: 0x00007fd46649b000

Polling page: 0x00007fd46a136000

Code Cache  [0x00007fd45d000000, 0x00007fd45d290000, 0x00007fd460000000)
 total_blobs=1813 nmethods=1464 adapters=301 free_code_cache=46632Kb largest_free_block=47691072

Compilation events (10 events):
Event: 11.329 Thread 0x00007fd460123000 nmethod 1560 0x00007fd45d0f0590 code [0x00007fd45d0f0760, 0x00007fd45d0f0dd8]
Event: 11.329 Thread 0x00007fd460123000 1561             scala.collection.GenSetLike$class::apply (8 bytes)
Event: 11.329 Thread 0x00007fd460123000 nmethod 1561 0x00007fd45d0f02d0 code [0x00007fd45d0f0400, 0x00007fd45d0f0458]
Event: 11.358 Thread 0x00007fd460126000 nmethod 1553 0x00007fd45d26b450 code [0x00007fd45d26b880, 0x00007fd45d26cb18]
Event: 11.386 Thread 0x00007fd460123000 1562             scala.collection.immutable.VectorBuilder::depth (5 bytes)
Event: 11.386 Thread 0x00007fd460123000 nmethod 1562 0x00007fd45d26b250 code [0x00007fd45d26b380, 0x00007fd45d26b3d8]
Event: 11.417 Thread 0x00007fd460126000 1563             scala.runtime.ObjectRef::<init> (10 bytes)
Event: 11.418 Thread 0x00007fd460126000 nmethod 1563 0x00007fd45d26b050 code [0x00007fd45d26b180, 0x00007fd45d26b1f8]
Event: 11.429 Thread 0x00007fd460123000 1564             scala.tools.nsc.ast.parser.Parsers$Parser::newLineOptWhenFollowedBy (33 bytes)
Event: 11.430 Thread 0x00007fd460123000 nmethod 1564 0x00007fd45d26acd0 code [0x00007fd45d26ae20, 0x00007fd45d26aee8]

GC Heap History (9 events):
Event: 4.014 GC heap before
{Heap before GC invocations=1 (full 0):
 PSYoungGen      total 153600K, used 132096K [0x00000000e0000000, 0x00000000eab00000, 0x0000000100000000)
  eden space 132096K, 100% used [0x00000000e0000000,0x00000000e8100000,0x00000000e8100000)
  from space 21504K, 0% used [0x00000000e9600000,0x00000000e9600000,0x00000000eab00000)
  to   space 21504K, 0% used [0x00000000e8100000,0x00000000e8100000,0x00000000e9600000)
 ParOldGen       total 349696K, used 0K [0x00000000a0000000, 0x00000000b5580000, 0x00000000e0000000)
  object space 349696K, 0% used [0x00000000a0000000,0x00000000a0000000,0x00000000b5580000)
 PSPermGen       total 22528K, used 22305K [0x0000000088000000, 0x0000000089600000, 0x00000000a0000000)
  object space 22528K, 99% used [0x0000000088000000,0x00000000895c8598,0x0000000089600000)
Event: 4.046 GC heap after
Heap after GC invocations=1 (full 0):
 PSYoungGen      total 153600K, used 16970K [0x00000000e0000000, 0x00000000eab00000, 0x0000000100000000)
  eden space 132096K, 0% used [0x00000000e0000000,0x00000000e0000000,0x00000000e8100000)
  from space 21504K, 78% used [0x00000000e8100000,0x00000000e9192b70,0x00000000e9600000)
  to   space 21504K, 0% used [0x00000000e9600000,0x00000000e9600000,0x00000000eab00000)
 ParOldGen       total 349696K, used 0K [0x00000000a0000000, 0x00000000b5580000, 0x00000000e0000000)
  object space 349696K, 0% used [0x00000000a0000000,0x00000000a0000000,0x00000000b5580000)
 PSPermGen       total 22528K, used 22305K [0x0000000088000000, 0x0000000089600000, 0x00000000a0000000)
  object space 22528K, 99% used [0x0000000088000000,0x00000000895c8598,0x0000000089600000)
}
Event: 6.393 GC heap before
{Heap before GC invocations=2 (full 0):
 PSYoungGen      total 153600K, used 149066K [0x00000000e0000000, 0x00000000eab00000, 0x0000000100000000)
  eden space 132096K, 100% used [0x00000000e0000000,0x00000000e8100000,0x00000000e8100000)
  from space 21504K, 78% used [0x00000000e8100000,0x00000000e9192b70,0x00000000e9600000)
  to   space 21504K, 0% used [0x00000000e9600000,0x00000000e9600000,0x00000000eab00000)
 ParOldGen       total 349696K, used 0K [0x00000000a0000000, 0x00000000b5580000, 0x00000000e0000000)
  object space 349696K, 0% used [0x00000000a0000000,0x00000000a0000000,0x00000000b5580000)
 PSPermGen       total 28160K, used 27925K [0x0000000088000000, 0x0000000089b80000, 0x00000000a0000000)
  object space 28160K, 99% used [0x0000000088000000,0x0000000089b457e0,0x0000000089b80000)
Event: 6.416 GC heap after
Heap after GC invocations=2 (full 0):
 PSYoungGen      total 153600K, used 10260K [0x00000000e0000000, 0x00000000eab00000, 0x0000000100000000)
  eden space 132096K, 0% used [0x00000000e0000000,0x00000000e0000000,0x00000000e8100000)
  from space 21504K, 47% used [0x00000000e9600000,0x00000000ea005360,0x00000000eab00000)
  to   space 21504K, 0% used [0x00000000e8100000,0x00000000e8100000,0x00000000e9600000)
 ParOldGen       total 349696K, used 0K [0x00000000a0000000, 0x00000000b5580000, 0x00000000e0000000)
  object space 349696K, 0% used [0x00000000a0000000,0x00000000a0000000,0x00000000b5580000)
 PSPermGen       total 28160K, used 27925K [0x0000000088000000, 0x0000000089b80000, 0x00000000a0000000)
  object space 28160K, 99% used [0x0000000088000000,0x0000000089b457e0,0x0000000089b80000)
}
Event: 7.970 GC heap before
{Heap before GC invocations=3 (full 0):
 PSYoungGen      total 153600K, used 142356K [0x00000000e0000000, 0x00000000eab00000, 0x0000000100000000)
  eden space 132096K, 100% used [0x00000000e0000000,0x00000000e8100000,0x00000000e8100000)
  from space 21504K, 47% used [0x00000000e9600000,0x00000000ea005360,0x00000000eab00000)
  to   space 21504K, 0% used [0x00000000e8100000,0x00000000e8100000,0x00000000e9600000)
 ParOldGen       total 349696K, used 0K [0x00000000a0000000, 0x00000000b5580000, 0x00000000e0000000)
  object space 349696K, 0% used [0x00000000a0000000,0x00000000a0000000,0x00000000b5580000)
 PSPermGen       total 37888K, used 37714K [0x0000000088000000, 0x000000008a500000, 0x00000000a0000000)
  object space 37888K, 99% used [0x0000000088000000,0x000000008a4d4a68,0x000000008a500000)
Event: 8.015 GC heap after
Heap after GC invocations=3 (full 0):
 PSYoungGen      total 153600K, used 21477K [0x00000000e0000000, 0x00000000f2c00000, 0x0000000100000000)
  eden space 132096K, 0% used [0x00000000e0000000,0x00000000e0000000,0x00000000e8100000)
  from space 21504K, 99% used [0x00000000e8100000,0x00000000e95f9658,0x00000000e9600000)
  to   space 21504K, 0% used [0x00000000f1700000,0x00000000f1700000,0x00000000f2c00000)
 ParOldGen       total 349696K, used 4447K [0x00000000a0000000, 0x00000000b5580000, 0x00000000e0000000)
  object space 349696K, 1% used [0x00000000a0000000,0x00000000a0457fc8,0x00000000b5580000)
 PSPermGen       total 37888K, used 37714K [0x0000000088000000, 0x000000008a500000, 0x00000000a0000000)
  object space 37888K, 99% used [0x0000000088000000,0x000000008a4d4a68,0x000000008a500000)
}
Event: 9.708 GC heap before
{Heap before GC invocations=4 (full 0):
 PSYoungGen      total 153600K, used 153573K [0x00000000e0000000, 0x00000000f2c00000, 0x0000000100000000)
  eden space 132096K, 100% used [0x00000000e0000000,0x00000000e8100000,0x00000000e8100000)
  from space 21504K, 99% used [0x00000000e8100000,0x00000000e95f9658,0x00000000e9600000)
  to   space 21504K, 0% used [0x00000000f1700000,0x00000000f1700000,0x00000000f2c00000)
 ParOldGen       total 349696K, used 4447K [0x00000000a0000000, 0x00000000b5580000, 0x00000000e0000000)
  object space 349696K, 1% used [0x00000000a0000000,0x00000000a0457fc8,0x00000000b5580000)
 PSPermGen       total 49152K, used 49067K [0x0000000088000000, 0x000000008b000000, 0x00000000a0000000)
  object space 49152K, 99% used [0x0000000088000000,0x000000008afeaf30,0x000000008b000000)
Event: 9.853 GC heap after
Heap after GC invocations=4 (full 0):
 PSYoungGen      total 285696K, used 21474K [0x00000000e0000000, 0x00000000f2c00000, 0x0000000100000000)
  eden space 264192K, 0% used [0x00000000e0000000,0x00000000e0000000,0x00000000f0200000)
  from space 21504K, 99% used [0x00000000f1700000,0x00000000f2bf8958,0x00000000f2c00000)
  to   space 21504K, 0% used [0x00000000f0200000,0x00000000f0200000,0x00000000f1700000)
 ParOldGen       total 349696K, used 63309K [0x00000000a0000000, 0x00000000b5580000, 0x00000000e0000000)
  object space 349696K, 18% used [0x00000000a0000000,0x00000000a3dd3680,0x00000000b5580000)
 PSPermGen       total 49152K, used 49067K [0x0000000088000000, 0x000000008b000000, 0x00000000a0000000)
  object space 49152K, 99% used [0x0000000088000000,0x000000008afeaf30,0x000000008b000000)
}
Event: 11.452 GC heap before
{Heap before GC invocations=5 (full 0):
 PSYoungGen      total 285696K, used 285666K [0x00000000e0000000, 0x00000000f2c00000, 0x0000000100000000)
  eden space 264192K, 100% used [0x00000000e0000000,0x00000000f0200000,0x00000000f0200000)
  from space 21504K, 99% used [0x00000000f1700000,0x00000000f2bf8958,0x00000000f2c00000)
  to   space 21504K, 0% used [0x00000000f0200000,0x00000000f0200000,0x00000000f1700000)
 ParOldGen       total 349696K, used 63309K [0x00000000a0000000, 0x00000000b5580000, 0x00000000e0000000)
  object space 349696K, 18% used [0x00000000a0000000,0x00000000a3dd3680,0x00000000b5580000)
 PSPermGen       total 54272K, used 53981K [0x0000000088000000, 0x000000008b500000, 0x00000000a0000000)
  object space 54272K, 99% used [0x0000000088000000,0x000000008b4b7698,0x000000008b500000)

Deoptimization events (10 events):
Event: 10.325 Thread 0x00007fd46066f000 Uncommon trap: reason=unreached action=reinterpret pc=0x00007fd45d1e5008 method=scala.runtime.ScalaRunTime$.hash(Ljava/lang/Object;)I @ 12
Event: 10.325 Thread 0x00007fd428023800 Uncommon trap: reason=unreached action=reinterpret pc=0x00007fd45d1d4a14 method=scala.runtime.ScalaRunTime$.hash(Ljava/lang/Object;)I @ 12
Event: 10.325 Thread 0x00007fd46066f000 Uncommon trap: reason=unreached action=reinterpret pc=0x00007fd45d1d4a14 method=scala.runtime.ScalaRunTime$.hash(Ljava/lang/Object;)I @ 12
Event: 10.447 Thread 0x00007fd428023800 Uncommon trap: reason=bimorphic action=maybe_recompile pc=0x00007fd45d16192c method=java.util.regex.Pattern$Start.match(Ljava/util/regex/Matcher;ILjava/lang/CharSequence;)Z @ 44
Event: 10.462 Thread 0x00007fd428023800 Uncommon trap: reason=bimorphic action=maybe_recompile pc=0x00007fd45d16192c method=java.util.regex.Pattern$Start.match(Ljava/util/regex/Matcher;ILjava/lang/CharSequence;)Z @ 44
Event: 10.468 Thread 0x00007fd428023800 Uncommon trap: reason=bimorphic action=maybe_recompile pc=0x00007fd45d16192c method=java.util.regex.Pattern$Start.match(Ljava/util/regex/Matcher;ILjava/lang/CharSequence;)Z @ 44
Event: 10.470 Thread 0x00007fd428023800 Uncommon trap: reason=bimorphic action=maybe_recompile pc=0x00007fd45d16192c method=java.util.regex.Pattern$Start.match(Ljava/util/regex/Matcher;ILjava/lang/CharSequence;)Z @ 44
Event: 10.471 Thread 0x00007fd428023800 Uncommon trap: reason=bimorphic action=maybe_recompile pc=0x00007fd45d19a418 method=java.util.regex.Pattern$Start.match(Ljava/util/regex/Matcher;ILjava/lang/CharSequence;)Z @ 44
Event: 10.612 Thread 0x00007fd428023800 Uncommon trap: reason=unreached action=reinterpret pc=0x00007fd45d230154 method=scala.reflect.NameTransformer$.encode(Ljava/lang/String;)Ljava/lang/String; @ 46
Event: 11.122 Thread 0x00007fd428023800 Uncommon trap: reason=unreached action=reinterpret pc=0x00007fd45d24b800 method=scala.reflect.internal.Trees$class.itraverse(Lscala/reflect/internal/SymbolTable;Lscala/reflect/api/Trees$Traverser;Lscala/reflect/internal/Trees$Tree;)V @ 1159

Internal exceptions (10 events):
Event: 10.296 Thread 0x00007fd428023800 Threw 0x00000000e1473ff0 at /build/buildd/openjdk-7-7u55-2.4.7/build/openjdk/hotspot/src/share/vm/prims/jvm.cpp:1244
Event: 10.296 Thread 0x00007fd428023800 Threw 0x00000000e1477c78 at /build/buildd/openjdk-7-7u55-2.4.7/build/openjdk/hotspot/src/share/vm/prims/jvm.cpp:1244
Event: 10.296 Thread 0x00007fd428023800 Threw 0x00000000e1478428 at /build/buildd/openjdk-7-7u55-2.4.7/build/openjdk/hotspot/src/share/vm/prims/jvm.cpp:1244
Event: 10.296 Thread 0x00007fd428023800 Threw 0x00000000e14791c0 at /build/buildd/openjdk-7-7u55-2.4.7/build/openjdk/hotspot/src/share/vm/prims/jvm.cpp:1244
Event: 10.297 Thread 0x00007fd46066f000 Threw 0x00000000e134aa50 at /build/buildd/openjdk-7-7u55-2.4.7/build/openjdk/hotspot/src/share/vm/prims/jvm.cpp:1244
Event: 10.297 Thread 0x00007fd46066f000 Threw 0x00000000e134b2c0 at /build/buildd/openjdk-7-7u55-2.4.7/build/openjdk/hotspot/src/share/vm/prims/jvm.cpp:1244
Event: 10.302 Thread 0x00007fd46066f000 Threw 0x00000000e134c2d8 at /build/buildd/openjdk-7-7u55-2.4.7/build/openjdk/hotspot/src/share/vm/prims/jvm.cpp:1244
Event: 10.303 Thread 0x00007fd46066f000 Threw 0x00000000e134ff38 at /build/buildd/openjdk-7-7u55-2.4.7/build/openjdk/hotspot/src/share/vm/prims/jvm.cpp:1244
Event: 10.303 Thread 0x00007fd46066f000 Threw 0x00000000e1350798 at /build/buildd/openjdk-7-7u55-2.4.7/build/openjdk/hotspot/src/share/vm/prims/jvm.cpp:1244
Event: 10.303 Thread 0x00007fd46066f000 Threw 0x00000000e1351780 at /build/buildd/openjdk-7-7u55-2.4.7/build/openjdk/hotspot/src/share/vm/prims/jvm.cpp:1244

Events (10 events):
Event: 10.612 Thread 0x00007fd428023800 DEOPT PACKING pc=0x00007fd45d230154 sp=0x00007fd4541f2d20
Event: 10.612 Thread 0x00007fd428023800 DEOPT UNPACKING pc=0x00007fd45d039445 sp=0x00007fd4541f2d00 mode 2
Event: 11.070 Thread 0x00007fd460123000 flushing nmethod 0x00007fd45d0efa90
Event: 11.105 Thread 0x00007fd460123000 flushing nmethod 0x00007fd45d15ea90
Event: 11.117 Thread 0x00007fd460126000 flushing nmethod 0x00007fd45d1aa390
Event: 11.120 Thread 0x00007fd460123000 flushing nmethod 0x00007fd45d1bcd10
Event: 11.122 Thread 0x00007fd428023800 Uncommon trap: trap_request=0xffffffad fr.pc=0x00007fd45d24b800
Event: 11.122 Thread 0x00007fd428023800 DEOPT PACKING pc=0x00007fd45d24b800 sp=0x00007fd4541f3a90
Event: 11.122 Thread 0x00007fd428023800 DEOPT UNPACKING pc=0x00007fd45d039445 sp=0x00007fd4541f3928 mode 2
Event: 11.451 Executing VM operation: ParallelGCFailedAllocation


Dynamic libraries:
00400000-00401000 r-xp 00000000 ca:00 64730                              /usr/lib/jvm/java-7-openjdk-amd64/jre/bin/java
00600000-00601000 r--p 00000000 ca:00 64730                              /usr/lib/jvm/java-7-openjdk-amd64/jre/bin/java
00601000-00602000 rw-p 00001000 ca:00 64730                              /usr/lib/jvm/java-7-openjdk-amd64/jre/bin/java
01f78000-02257000 rw-p 00000000 00:00 0                                  [heap]
88000000-8b500000 rw-p 00000000 00:00 0 
8b500000-a0000000 rw-p 00000000 00:00 0 
a0000000-b5580000 rw-p 00000000 00:00 0 
b5580000-e0000000 rw-p 00000000 00:00 0 
e0000000-f2c00000 rw-p 00000000 00:00 0 
7fd41c000000-7fd41c519000 rw-p 00000000 00:00 0 
7fd41c519000-7fd420000000 ---p 00000000 00:00 0 
7fd4234e5000-7fd4234e6000 rw-p 00000000 00:00 0 
7fd4234e6000-7fd4234eb000 r--s 00015000 ca:00 215232                     /root/.ivy2/cache/org.hibernate.javax.persistence/hibernate-jpa-2.0-api/jars/hibernate-jpa-2.0-api-1.0.1.Final.jar
7fd4234eb000-7fd423507000 r--s 00167000 ca:00 199771                     /root/.ivy2/cache/org.avaje.ebeanorm/avaje-ebeanorm/jars/avaje-ebeanorm-3.2.2.jar
7fd423507000-7fd423509000 r--s 00002000 ca:00 997547                     /root/.ivy2/cache/com.typesafe.play/play-java-ebean_2.10/jars/play-java-ebean_2.10-2.2.3.jar
7fd423509000-7fd42350e000 r--s 0002d000 ca:00 215230                     /root/.ivy2/cache/tyrex/tyrex/jars/tyrex-1.0.1.jar
7fd42350e000-7fd423511000 r--s 00019000 ca:00 1505957                    /root/.ivy2/cache/com.jolbox/bonecp/bundles/bonecp-0.8.0.RELEASE.jar
7fd423511000-7fd423516000 r--s 0002d000 ca:00 956394                     /root/.ivy2/cache/com.typesafe.play/play-jdbc_2.10/jars/play-jdbc_2.10-2.2.3.jar
7fd423516000-7fd423517000 r--s 00000000 ca:00 956386                     /root/.ivy2/cache/com.typesafe.play/play-java-jdbc_2.10/jars/play-java-jdbc_2.10-2.2.3.jar
7fd423517000-7fd42351c000 r--s 0002b000 ca:00 1332161                    /root/.ivy2/cache/com.itextpdf.tool/xmlworker/jars/xmlworker-1.0.0.jar
7fd42351c000-7fd423532000 r--s 001f7000 ca:00 1332159                    /root/.ivy2/cache/com.itextpdf/itextpdf/jars/itextpdf-5.5.4.jar
7fd423532000-7fd423534000 r--s 0000e000 ca:00 215244                     /root/.ivy2/cache/javax.activation/activation/jars/activation-1.1.jar
7fd423534000-7fd42353b000 r--s 00067000 ca:00 215242                     /root/.ivy2/cache/javax.mail/mail/jars/mail-1.4.1.jar
7fd42353b000-7fd42353d000 r--s 00005000 ca:00 1332166                    /root/.ivy2/cache/stax/stax-api/jars/stax-api-1.0.1.jar
7fd42353d000-7fd42357a000 r--s 0024f000 ca:00 1332164                    /root/.ivy2/cache/org.apache.xmlbeans/xmlbeans/jars/xmlbeans-2.3.0.jar
7fd42357a000-7fd423612000 r--s 00420000 ca:00 1332157                    /root/.ivy2/cache/org.apache.poi/poi-ooxml-schemas/jars/poi-ooxml-schemas-3.10-FINAL.jar
7fd423612000-7fd423620000 r--s 000ee000 ca:00 1332155                    /root/.ivy2/cache/org.apache.poi/poi-ooxml/jars/poi-ooxml-3.10-FINAL.jar
7fd423620000-7fd423622000 r--s 00010000 ca:00 1332162                    /root/.ivy2/cache/commons-codec/commons-codec/jars/commons-codec-1.5.jar
7fd423622000-7fd423644000 r--s 001bb000 ca:00 1332153                    /root/.ivy2/cache/org.apache.poi/poi/jars/poi-3.10-FINAL.jar
7fd423644000-7fd423648000 r--s 00015000 ca:00 286853                     /root/.ivy2/cache/net.coobird/thumbnailator/jars/thumbnailator-0.4.3.jar
7fd423648000-7fd42364b000 r--s 00025000 ca:00 207791                     /root/.ivy2/cache/commons-io/commons-io/jars/commons-io-2.1.jar
7fd42364b000-7fd42364c000 r--s 00002000 ca:00 286861                     /root/.ivy2/cache/be.objectify/deadbolt-core_2.10/jars/deadbolt-core_2.10-2.2.1-RC1.jar
7fd42364c000-7fd423667000 r--s 0012e000 ca:00 1235041                    /root/.ivy2/cache/net.sf.ehcache/ehcache-core/jars/ehcache-core-2.6.6.jar
7fd423667000-7fd423669000 r--s 00007000 ca:00 997549                     /root/.ivy2/cache/com.typesafe.play/play-cache_2.10/jars/play-cache_2.10-2.2.3.jar
7fd423669000-7fd42366c000 r--s 00012000 ca:00 215216                     /root/.ivy2/cache/javax.servlet/javax.servlet-api/jars/javax.servlet-api-3.0.1.jar
7fd42366c000-7fd42366e000 r--s 00006000 ca:00 215214                     /root/.ivy2/cache/com.google.code.findbugs/jsr305/jars/jsr305-2.0.1.jar
7fd42366e000-7fd423673000 r--s 00048000 ca:00 215222                     /root/.ivy2/cache/dom4j/dom4j/jars/dom4j-1.6.1.jar
7fd423673000-7fd423676000 r--s 00017000 ca:00 215212                     /root/.ivy2/cache/org.reflections/reflections/jars/reflections-0.9.8.jar
7fd423676000-7fd423682000 r--s 00089000 ca:00 1362529                    /root/.ivy2/cache/org.springframework/spring-beans/jars/spring-beans-3.2.3.RELEASE.jar
7fd423682000-7fd423694000 r--s 000c2000 ca:00 1346593                    /root/.ivy2/cache/org.springframework/spring-core/jars/spring-core-3.2.3.RELEASE.jar
7fd423694000-7fd4236a9000 r--s 000be000 ca:00 1330657                    /root/.ivy2/cache/org.springframework/spring-context/jars/spring-context-3.2.3.RELEASE.jar
7fd4236a9000-7fd4236ab000 r--s 0000d000 ca:00 956414                     /root/.ivy2/cache/com.fasterxml/classmate/bundles/classmate-0.8.0.jar
7fd4236ab000-7fd4236ad000 r--s 0000d000 ca:00 1442209                    /root/.ivy2/cache/org.jboss.logging/jboss-logging/jars/jboss-logging-3.1.1.GA.jar
7fd4236ad000-7fd4236b1000 r--s 0000c000 ca:00 1426273                    /root/.ivy2/cache/javax.validation/validation-api/jars/validation-api-1.1.0.Final.jar
7fd4236b1000-7fd4236be000 r--s 0007f000 ca:00 1314721                    /root/.ivy2/cache/org.hibernate/hibernate-validator/jars/hibernate-validator-5.0.1.Final.jar
7fd4236be000-7fd4236c5000 r--s 0003c000 ca:00 1298785                    /root/.ivy2/cache/org.yaml/snakeyaml/bundles/snakeyaml-1.12.jar
7fd4236c5000-7fd4236c8000 r--s 00016000 ca:00 956392                     /root/.ivy2/cache/com.typesafe.play/play-java_2.10/jars/play-java_2.10-2.2.3.jar
7fd4236c8000-7fd4236c9000 r--s 00003000 ca:00 215196                     /root/.ivy2/cache/javax.transaction/jta/jars/jta-1.1.jar
7fd4236c9000-7fd4236d2000 r--s 0002d000 ca:00 1474081                    /root/.ivy2/cache/xml-apis/xml-apis/jars/xml-apis-1.4.01.jar
7fd4236d2000-7fd4236eb000 r--s 00135000 ca:00 446296                     /root/.ivy2/cache/xerces/xercesImpl/jars/xercesImpl-2.11.0.jar
7fd4236eb000-7fd4236ed000 r--s 0000d000 ca:00 191996                     /root/.ivy2/cache/commons-logging/commons-logging/jars/commons-logging-1.1.1.jar
7fd4236ed000-7fd4236f5000 r--s 00040000 ca:00 207747                     /root/.ivy2/cache/org.apache.httpcomponents/httpclient/jars/httpclient-4.0.1.jar
7fd4236f5000-7fd4236fa000 r--s 00026000 ca:00 207746                     /root/.ivy2/cache/org.apache.httpcomponents/httpcore/jars/httpcore-4.0.1.jar
7fd4236fa000-7fd4236fb000 r--s 00001000 ca:00 215188                     /root/.ivy2/cache/oauth.signpost/signpost-commonshttp4/jars/signpost-commonshttp4-1.2.1.2.jar
7fd4236fb000-7fd4236fe000 r--s 00009000 ca:00 215186                     /root/.ivy2/cache/oauth.signpost/signpost-core/jars/signpost-core-1.2.1.2.jar
7fd4236fe000-7fd423708000 r--s 00071000 ca:00 1155361                    /root/.ivy2/cache/com.ning/async-http-client/jars/async-http-client-1.7.18.jar
7fd423708000-7fd42370e000 r--s 00048000 ca:00 215182                     /root/.ivy2/cache/org.apache.commons/commons-lang3/jars/commons-lang3-3.1.jar
7fd42370e000-7fd42370f000 r--s 00003000 ca:00 1075681                    /root/.ivy2/cache/com.typesafe.akka/akka-slf4j_2.10/bundles/akka-slf4j_2.10-2.2.0.jar
7fd42370f000-7fd423737000 r--s 0025e000 ca:00 941078                     /root/.ivy2/cache/com.typesafe.akka/akka-actor_2.10/jars/akka-actor_2.10-2.2.0.jar
7fd423737000-7fd42373d000 r--s 0003b000 ca:00 1027873                    /root/.ivy2/cache/ch.qos.logback/logback-classic/jars/logback-classic-1.0.13.jar
7fd42373d000-7fd423747000 r--s 0005d000 ca:00 1011937                    /root/.ivy2/cache/ch.qos.logback/logback-core/jars/logback-core-1.0.13.jar
7fd423747000-7fd423749000 r--s 00003000 ca:00 996001                     /root/.ivy2/cache/org.slf4j/jcl-over-slf4j/jars/jcl-over-slf4j-1.7.5.jar
7fd423749000-7fd42374a000 r--s 00001000 ca:00 980169                     /root/.ivy2/cache/org.slf4j/jul-to-slf4j/jars/jul-to-slf4j-1.7.5.jar
7fd42374a000-7fd42374c000 r--s 00005000 ca:00 199684                     /root/.ivy2/cache/org.slf4j/slf4j-api/jars/slf4j-api-1.7.5.jar
7fd42374c000-7fd423764000 r--s 00110000 ca:00 949260                     /root/.ivy2/cache/io.netty/netty/bundles/netty-3.7.1.Final.jar
7fd423764000-7fd423775000 r--s 000c3000 ca:00 956408                     /root/.ivy2/cache/com.fasterxml.jackson.core/jackson-databind/jars/jackson-databind-2.2.2.jar
7fd423775000-7fd423778000 r--s 0002c000 ca:00 956404                     /root/.ivy2/cache/com.fasterxml.jackson.core/jackson-core/jars/jackson-core-2.2.2.jar
7fd423778000-7fd42377b000 r--s 00006000 ca:00 956406                     /root/.ivy2/cache/com.fasterxml.jackson.core/jackson-annotations/jars/jackson-annotations-2.2.2.jar
7fd42377b000-7fd42377d000 r--s 00008000 ca:00 1123489                    /root/.ivy2/cache/org.joda/joda-convert/jars/joda-convert-1.3.1.jar
7fd42377d000-7fd42378d000 r--s 0007d000 ca:00 1107553                    /root/.ivy2/cache/joda-time/joda-time/jars/joda-time-2.2.jar
7fd42378d000-7fd423795000 r--s 00052000 ca:00 956410                     /root/.ivy2/cache/com.typesafe.play/play-functional_2.10/jars/play-functional_2.10-2.2.3.jar
7fd423795000-7fd4237a1000 r--s 0008d000 ca:00 956400                     /root/.ivy2/cache/com.typesafe.play/play-json_2.10/jars/play-json_2.10-2.2.3.jar
7fd4237a1000-7fd4237aa000 r--s 00096000 ca:00 956402                     /root/.ivy2/cache/org.scala-stm/scala-stm_2.10/jars/scala-stm_2.10-0.7.jar
7fd4237aa000-7fd4237bb000 r--s 0009e000 ca:00 956398                     /root/.ivy2/cache/com.typesafe.play/play-iteratees_2.10/jars/play-iteratees_2.10-2.2.3.jar
7fd4237bb000-7fd423806000 r--s 00355000 ca:00 956390                     /root/.ivy2/cache/com.typesafe.play/play_2.10/jars/play_2.10-2.2.3.jar
7fd423806000-7fd42380a000 r--s 0001a000 ca:00 286860                     /root/.ivy2/cache/be.objectify/deadbolt-java_2.10/jars/deadbolt-java_2.10-2.2.1-RC2.jar
7fd42380a000-7fd423811000 r--s 000ba000 ca:00 239338                     /root/.ivy2/cache/mysql/mysql-connector-java/jars/mysql-connector-java-5.1.18.jar
7fd423811000-7fd42381f000 r--s 0010f000 ca:00 838901                     /usr/lib/jvm/java-7-openjdk-amd64/jre/lib/rhino.jar
7fd42381f000-7fd42382a000 r--s 00203000 ca:00 56075                      /usr/lib/jvm/java-7-openjdk-amd64/jre/lib/charsets.jar
7fd42382a000-7fd42382d000 r--s 00017000 ca:00 1346601                    /usr/lib/jvm/java-7-openjdk-amd64/jre/lib/jce.jar
7fd42382d000-7fd423831000 r--s 0002a000 ca:00 956472                     /root/.sbt/boot/scala-2.10.2/org.scala-sbt/sbt/0.13.0/compiler-interface-bin_2.10.3__51.0/compiler-interface.jar
7fd423831000-7fd423834000 r--s 00018000 ca:00 199204                     /root/.ivy2/cache/org.fusesource.jansi/jansi/jars/jansi-1.4.jar
7fd423834000-7fd423930000 r--s 00cc7000 ca:00 191462                     /root/.ivy2/cache/org.scala-lang/scala-compiler/jars/scala-compiler-2.10.3.jar
7fd423930000-7fd4239a2000 r--s 0065a000 ca:00 191458                     /root/.ivy2/cache/org.scala-lang/scala-library/jars/scala-library-2.10.3.jar
7fd4239a2000-7fd4239a8000 r-xp 00000000 ca:00 2769                       /lib/x86_64-linux-gnu/libnss_dns-2.17.so
7fd4239a8000-7fd423ba7000 ---p 00006000 ca:00 2769                       /lib/x86_64-linux-gnu/libnss_dns-2.17.so
7fd423ba7000-7fd423ba8000 r--p 00005000 ca:00 2769                       /lib/x86_64-linux-gnu/libnss_dns-2.17.so
7fd423ba8000-7fd423ba9000 rw-p 00006000 ca:00 2769                       /lib/x86_64-linux-gnu/libnss_dns-2.17.so
7fd423ba9000-7fd423baa000 r--s 00001000 ca:00 964129                     /root/.ivy2/cache/com.typesafe.netty/netty-http-pipelining/jars/netty-http-pipelining-1.1.2.jar
7fd423baa000-7fd423bab000 r--s 00001000 ca:00 956412                     /root/.ivy2/cache/com.typesafe.play/play-datacommons_2.10/jars/play-datacommons_2.10-2.2.3.jar
7fd423bab000-7fd423bb4000 r--s 000b9000 ca:00 56071                      /usr/lib/jvm/java-7-openjdk-amd64/jre/lib/resources.jar
7fd423bb4000-7fd423bbc000 r--s 0003f000 ca:00 956180                     /root/.ivy2/cache/org.scalaz/scalaz-concurrent_2.10/bundles/scalaz-concurrent_2.10-7.0.2.jar
7fd423bbc000-7fd423c50000 r--s 006c7000 ca:00 1729057                    /root/.ivy2/cache/org.specs2/specs2_2.10/jars/specs2_2.10-2.1.1.jar
7fd423c50000-7fd423cfd000 r--s 00786000 ca:00 956172                     /root/.ivy2/cache/org.scalaz/scalaz-core_2.10/bundles/scalaz-core_2.10-7.0.2.jar
7fd423cfd000-7fd423d00000 ---p 00000000 00:00 0 
7fd423d00000-7fd423dfe000 rw-p 00000000 00:00 0                          [stack:15916]
7fd423dfe000-7fd423e01000 ---p 00000000 00:00 0 
7fd423e01000-7fd423eff000 rw-p 00000000 00:00 0                          [stack:15914]
7fd423eff000-7fd423f02000 ---p 00000000 00:00 0 
7fd423f02000-7fd424000000 rw-p 00000000 00:00 0                          [stack:15913]
7fd424000000-7fd424021000 rw-p 00000000 00:00 0 
7fd424021000-7fd428000000 ---p 00000000 00:00 0 
7fd428000000-7fd42804a000 rw-p 00000000 00:00 0 
7fd42804a000-7fd42c000000 ---p 00000000 00:00 0 
7fd42c000000-7fd42c021000 rw-p 00000000 00:00 0 
7fd42c021000-7fd430000000 ---p 00000000 00:00 0 
7fd430000000-7fd430021000 rw-p 00000000 00:00 0 
7fd430021000-7fd434000000 ---p 00000000 00:00 0 
7fd434000000-7fd43480d000 rw-p 00000000 00:00 0 
7fd43480d000-7fd438000000 ---p 00000000 00:00 0 
7fd438000000-7fd438021000 rw-p 00000000 00:00 0 
7fd438021000-7fd43c000000 ---p 00000000 00:00 0 
7fd43c000000-7fd43c021000 rw-p 00000000 00:00 0 
7fd43c021000-7fd440000000 ---p 00000000 00:00 0 
7fd440000000-7fd440711000 rw-p 00000000 00:00 0 
7fd440711000-7fd444000000 ---p 00000000 00:00 0 
7fd444000000-7fd444021000 rw-p 00000000 00:00 0 
7fd444021000-7fd448000000 ---p 00000000 00:00 0 
7fd448000000-7fd448021000 rw-p 00000000 00:00 0 
7fd448021000-7fd44c000000 ---p 00000000 00:00 0 
7fd44c000000-7fd44c23c000 rw-p 00000000 00:00 0 
7fd44c23c000-7fd450000000 ---p 00000000 00:00 0 
7fd450000000-7fd450026000 rw-p 00000000 00:00 0 
7fd450026000-7fd454000000 ---p 00000000 00:00 0 
7fd454000000-7fd454002000 r--s 00008000 ca:00 956396                     /root/.ivy2/cache/com.typesafe.play/templates_2.10/jars/templates_2.10-2.2.3.jar
7fd454002000-7fd454006000 r--s 00025000 ca:00 199761                     /root/.ivy2/cache/org.scala-lang/jline/jars/jline-2.10.3.jar
7fd454006000-7fd45400a000 r--s 00014000 ca:00 956178                     /root/.ivy2/cache/org.tukaani/xz/jars/xz-1.0.jar
7fd45400a000-7fd45400f000 r--s 00036000 ca:00 956176                     /root/.ivy2/cache/org.apache.commons/commons-compress/jars/commons-compress-1.4.1.jar
7fd45400f000-7fd45401e000 r--s 0008b000 ca:00 956166                     /root/.ivy2/cache/scala_2.10/sbt_0.13/com.typesafe.sbt/sbt-native-packager/jars/sbt-native-packager-0.6.4.jar
7fd45401e000-7fd454021000 r--s 00024000 ca:00 207204                     /root/.ivy2/cache/commons-io/commons-io/jars/commons-io-2.0.1.jar
7fd454021000-7fd454029000 r--s 0004b000 ca:00 956164                     /root/.ivy2/cache/scala_2.10/sbt_0.13/com.github.mpeltonen/sbt-idea/jars/sbt-idea-1.5.1.jar
7fd454029000-7fd454033000 r--s 0005f000 ca:00 956174                     /root/.ivy2/cache/org.scalaz/scalaz-effect_2.10/bundles/scalaz-effect_2.10-7.0.2.jar
7fd454033000-7fd45403a000 r--s 0003b000 ca:00 956170                     /root/.ivy2/cache/scala_2.10/sbt_0.13/com.typesafe.sbteclipse/sbteclipse-core/jars/sbteclipse-core-2.4.0.jar
7fd45403a000-7fd45403c000 r--s 00001000 ca:00 956162                     /root/.ivy2/cache/scala_2.10/sbt_0.13/com.typesafe.sbteclipse/sbteclipse-plugin/jars/sbteclipse-plugin-2.4.0.jar
7fd45403c000-7fd45403f000 r--s 0009f000 ca:00 199547                     /root/.ivy2/cache/net.contentobjects.jnotify/jnotify/jars/jnotify-0.94.jar
7fd45403f000-7fd45404c000 r--s 0016e000 ca:00 199722                     /root/.ivy2/cache/com.h2database/h2/jars/h2-1.3.172.jar
7fd45404c000-7fd45404f000 r--s 0002a000 ca:00 1338625                    /root/.ivy2/cache/org.avaje.ebeanorm/avaje-ebeanorm-agent/jars/avaje-ebeanorm-agent-3.2.1.jar
7fd45404f000-7fd454051000 r--s 0000a000 ca:00 215146                     /root/.ivy2/cache/org.json/json/jars/json-20090211.jar
7fd454051000-7fd45407a000 r--s 001ee000 ca:00 949455                     /root/.ivy2/cache/com.google.guava/guava/bundles/guava-14.0.1.jar
7fd45407a000-7fd4540ad000 r--s 00332000 ca:00 199721                     /root/.ivy2/cache/com.google.javascript/closure-compiler/jars/closure-compiler-v20130603.jar
7fd4540ad000-7fd4540ba000 r--s 00109000 ca:00 949453                     /root/.ivy2/cache/org.mozilla/rhino/jars/rhino-1.7R4.jar
7fd4540ba000-7fd4540be000 r--s 0002a000 ca:00 199720                     /root/.ivy2/cache/com.typesafe/config/bundles/config-1.0.2.jar
7fd4540be000-7fd4540c1000 r--s 00030000 ca:00 191440                     /root/.ivy2/cache/jline/jline/jars/jline-2.11.jar
7fd4540c1000-7fd4540c3000 r--s 00001000 ca:00 191424                     /root/.ivy2/cache/org.scala-sbt/launcher-interface/jars/launcher-interface-0.13.0.jar
7fd4540c3000-7fd4540f8000 r--s 002da000 ca:00 1593601                    /root/.ivy2/cache/org.scala-lang/scala-reflect/jars/scala-reflect-2.10.3.jar
7fd4540f8000-7fd4540fb000 ---p 00000000 00:00 0 
7fd4540fb000-7fd4541f9000 rw-p 00000000 00:00 0                          [stack:15915]
7fd4541f9000-7fd4541fc000 ---p 00000000 00:00 0 
7fd4541fc000-7fd4542fa000 rw-p 00000000 00:00 0                          [stack:15917]
7fd4542fa000-7fd4542fd000 ---p 00000000 00:00 0 
7fd4542fd000-7fd454333000 rw-p 00000000 00:00 0                          [stack:15893]
7fd454333000-7fd454335000 r--s 00007000 ca:00 949451                     /root/.ivy2/cache/com.typesafe.play/console_2.10/jars/console_2.10-2.2.3.jar
7fd454335000-7fd45433f000 r--s 0004a000 ca:00 949449                     /root/.ivy2/cache/com.typesafe.play/templates-compiler_2.10/jars/templates-compiler_2.10-2.2.3.jar
7fd45433f000-7fd454342000 r--s 00010000 ca:00 215200                     /root/.ivy2/cache/com.jsuereth/scala-arm_2.10/jars/scala-arm_2.10-1.3.jar
7fd454342000-7fd454357000 r--s 00128000 ca:00 215198                     /root/.ivy2/cache/com.github.scala-incubator.io/scala-io-core_2.10/jars/scala-io-core_2.10-0.4.2.jar
7fd454357000-7fd45435f000 r--s 00063000 ca:00 215170                     /root/.ivy2/cache/com.github.scala-incubator.io/scala-io-file_2.10/jars/scala-io-file_2.10-0.4.2.jar
7fd45435f000-7fd45436d000 r--s 00062000 ca:00 949447                     /root/.ivy2/cache/com.typesafe.play/routes-compiler_2.10/jars/routes-compiler_2.10-2.2.3.jar
7fd45436d000-7fd45436f000 r--s 00000000 ca:00 949445                     /root/.ivy2/cache/com.typesafe.play/play-exceptions/jars/play-exceptions-2.2.3.jar
7fd45436f000-7fd454379000 r--s 000a5000 ca:00 734130                     /root/.ivy2/cache/org.javassist/javassist/bundles/javassist-3.18.0-GA.jar
7fd454379000-7fd45437b000 r--s 00001000 ca:00 949443                     /root/.ivy2/cache/com.typesafe.play/sbt-link/jars/sbt-link-2.2.3.jar
7fd45437b000-7fd45438a000 r--s 000d9000 ca:00 949441                     /root/.ivy2/cache/scala_2.10/sbt_0.13/com.typesafe.play/sbt-plugin/jars/sbt-plugin-2.2.3.jar
7fd45438a000-7fd45438f000 r--s 0004c000 ca:00 56067                      /usr/lib/jvm/java-7-openjdk-amd64/jre/lib/jsse.jar
7fd45438f000-7fd454392000 r--s 00009000 ca:00 949323                     /root/.sbt/boot/scala-2.10.2/org.scala-sbt/sbt/0.13.0/xsbti/interface-0.13.0.jar
7fd454392000-7fd454395000 r--s 00018000 ca:00 949304                     /root/.sbt/boot/scala-2.10.2/org.scala-sbt/sbt/0.13.0/logging-0.13.0.jar
7fd454395000-7fd4543a0000 r--s 00099000 ca:00 949289                     /root/.sbt/boot/scala-2.10.2/org.scala-sbt/sbt/0.13.0/ivy-0.13.0.jar
7fd4543a0000-7fd4543a4000 r--s 00034000 ca:00 949296                     /root/.sbt/boot/scala-2.10.2/org.scala-sbt/sbt/0.13.0/jsch-0.1.46.jar
7fd4543a4000-7fd4543ab000 r--s 00053000 ca:00 949330                     /root/.sbt/boot/scala-2.10.2/org.scala-sbt/sbt/0.13.0/completion-0.13.0.jar
7fd4543ab000-7fd4543ae000 r--s 00013000 ca:00 949284                     /root/.sbt/boot/scala-2.10.2/org.scala-sbt/sbt/0.13.0/testing-0.13.0.jar
7fd4543ae000-7fd4543b0000 r--s 00001000 ca:00 949301                     /root/.sbt/boot/scala-2.10.2/org.scala-sbt/sbt/0.13.0/compiler-ivy-integration-0.13.0.jar
7fd4543b0000-7fd4543b5000 r--s 0003b000 ca:00 949307                     /root/.sbt/boot/scala-2.10.2/org.scala-sbt/sbt/0.13.0/incremental-compiler-0.13.0.jar
7fd4543b5000-7fd4543b8000 r--s 0001d000 ca:00 949294                     /root/.sbt/boot/scala-2.10.2/org.scala-sbt/sbt/0.13.0/tasks-0.13.0.jar
7fd4543b8000-7fd4543b9000 r--s 00005000 ca:00 949313                     /root/.sbt/boot/scala-2.10.2/org.scala-sbt/sbt/0.13.0/sbt-0.13.0.jar
7fd4543b9000-7fd4543c3000 r--s 00084000 ca:00 949297                     /root/.sbt/boot/scala-2.10.2/org.scala-sbt/sbt/0.13.0/main-settings-0.13.0.jar
7fd4543c3000-7fd4543c7000 r--s 00031000 ca:00 949305                     /root/.sbt/boot/scala-2.10.2/org.scala-sbt/sbt/0.13.0/command-0.13.0.jar
7fd4543c7000-7fd4543c9000 r--s 00004000 ca:00 949315                     /root/.sbt/boot/scala-2.10.2/org.scala-sbt/sbt/0.13.0/test-agent-0.13.0.jar
7fd4543c9000-7fd4543d1000 r--s 0005e000 ca:00 949299                     /root/.sbt/boot/scala-2.10.2/org.scala-sbt/sbt/0.13.0/actions-0.13.0.jar
7fd4543d1000-7fd4543d5000 r--s 0001d000 ca:00 949318                     /root/.sbt/boot/scala-2.10.2/org.scala-sbt/sbt/0.13.0/task-system-0.13.0.jar
7fd4543d5000-7fd4543d7000 r--s 00002000 ca:00 949321                     /root/.sbt/boot/scala-2.10.2/org.scala-sbt/sbt/0.13.0/control-0.13.0.jar
7fd4543d7000-7fd4543da000 r--s 0001a000 ca:00 949300                     /root/.sbt/boot/scala-2.10.2/org.scala-sbt/sbt/0.13.0/cache-0.13.0.jar
7fd4543da000-7fd4543dd000 r--s 00017000 ca:00 949329                     /root/.sbt/boot/scala-2.10.2/org.scala-sbt/sbt/0.13.0/run-0.13.0.jar
7fd4543dd000-7fd454400000 r--s 001c3000 ca:00 949324                     /root/.sbt/boot/scala-2.10.2/org.scala-sbt/sbt/0.13.0/main-0.13.0.jar
7fd454400000-7fd458000000 rw-p 00000000 00:00 0 
7fd458000000-7fd458021000 rw-p 00000000 00:00 0 
7fd458021000-7fd45c000000 ---p 00000000 00:00 0 
7fd45c000000-7fd45c003000 r--s 0000e000 ca:00 949309                     /root/.sbt/boot/scala-2.10.2/org.scala-sbt/sbt/0.13.0/compiler-integration-0.13.0.jar
7fd45c003000-7fd45c00a000 r--s 00058000 ca:00 949312                     /root/.sbt/boot/scala-2.10.2/org.scala-sbt/sbt/0.13.0/collections-0.13.0.jar
7fd45c00a000-7fd45c00f000 r--s 0001f000 ca:00 949332                     /root/.sbt/boot/scala-2.10.2/org.scala-sbt/sbt/0.13.0/persist-0.13.0.jar
7fd45c00f000-7fd45c012000 r--s 00030000 ca:00 949295                     /root/.sbt/boot/scala-2.10.2/org.scala-sbt/sbt/0.13.0/jline-2.11.jar
7fd45c012000-7fd45c018000 r--s 00042000 ca:00 949291                     /root/.sbt/boot/scala-2.10.2/org.scala-sbt/sbt/0.13.0/api-0.13.0.jar
7fd45c018000-7fd45c04d000 r--s 002d2000 ca:00 949303                     /root/.sbt/boot/scala-2.10.2/org.scala-sbt/sbt/0.13.0/scala-reflect-2.10.2.jar
7fd45c04d000-7fd45c051000 r--s 00022000 ca:00 949311                     /root/.sbt/boot/scala-2.10.2/org.scala-sbt/sbt/0.13.0/sbinary_2.10-0.4.2.jar
7fd45c051000-7fd45c066000 r--s 00114000 ca:00 949285                     /root/.sbt/boot/scala-2.10.2/org.scala-sbt/sbt/0.13.0/ivy-2.3.0-rc1.jar
7fd45c066000-7fd45c076000 r-xp 00000000 ca:00 64611                      /usr/lib/jvm/java-7-openjdk-amd64/jre/lib/amd64/libnio.so
7fd45c076000-7fd45c276000 ---p 00010000 ca:00 64611                      /usr/lib/jvm/java-7-openjdk-amd64/jre/lib/amd64/libnio.so
7fd45c276000-7fd45c277000 r--p 00010000 ca:00 64611                      /usr/lib/jvm/java-7-openjdk-amd64/jre/lib/amd64/libnio.so
7fd45c277000-7fd45c278000 rw-p 00011000 ca:00 64611                      /usr/lib/jvm/java-7-openjdk-amd64/jre/lib/amd64/libnio.so
7fd45c278000-7fd45c2b5000 r-xp 00000000 ca:00 284                        /lib/x86_64-linux-gnu/libpcre.so.3.13.1
7fd45c2b5000-7fd45c4b5000 ---p 0003d000 ca:00 284                        /lib/x86_64-linux-gnu/libpcre.so.3.13.1
7fd45c4b5000-7fd45c4b6000 r--p 0003d000 ca:00 284                        /lib/x86_64-linux-gnu/libpcre.so.3.13.1
7fd45c4b6000-7fd45c4b7000 rw-p 0003e000 ca:00 284                        /lib/x86_64-linux-gnu/libpcre.so.3.13.1
7fd45c4b7000-7fd45c4be000 r-xp 00000000 ca:00 36463                      /usr/lib/x86_64-linux-gnu/libffi.so.6.0.1
7fd45c4be000-7fd45c6bd000 ---p 00007000 ca:00 36463                      /usr/lib/x86_64-linux-gnu/libffi.so.6.0.1
7fd45c6bd000-7fd45c6be000 r--p 00006000 ca:00 36463                      /usr/lib/x86_64-linux-gnu/libffi.so.6.0.1
7fd45c6be000-7fd45c6bf000 rw-p 00007000 ca:00 36463                      /usr/lib/x86_64-linux-gnu/libffi.so.6.0.1
7fd45c6bf000-7fd45c6d5000 r-xp 00000000 ca:00 2765                       /lib/x86_64-linux-gnu/libresolv-2.17.so
7fd45c6d5000-7fd45c8d5000 ---p 00016000 ca:00 2765                       /lib/x86_64-linux-gnu/libresolv-2.17.so
7fd45c8d5000-7fd45c8d6000 r--p 00016000 ca:00 2765                       /lib/x86_64-linux-gnu/libresolv-2.17.so
7fd45c8d6000-7fd45c8d7000 rw-p 00017000 ca:00 2765                       /lib/x86_64-linux-gnu/libresolv-2.17.so
7fd45c8d7000-7fd45c8d9000 rw-p 00000000 00:00 0 
7fd45c8d9000-7fd45c8f8000 r-xp 00000000 ca:00 2032                       /lib/x86_64-linux-gnu/libselinux.so.1
7fd45c8f8000-7fd45caf8000 ---p 0001f000 ca:00 2032                       /lib/x86_64-linux-gnu/libselinux.so.1
7fd45caf8000-7fd45caf9000 r--p 0001f000 ca:00 2032                       /lib/x86_64-linux-gnu/libselinux.so.1
7fd45caf9000-7fd45cafa000 rw-p 00020000 ca:00 2032                       /lib/x86_64-linux-gnu/libselinux.so.1
7fd45cafa000-7fd45cafb000 rw-p 00000000 00:00 0 
7fd45cafb000-7fd45cafe000 r-xp 00000000 ca:00 36395                      /usr/lib/x86_64-linux-gnu/libgmodule-2.0.so.0.3800.1
7fd45cafe000-7fd45ccfd000 ---p 00003000 ca:00 36395                      /usr/lib/x86_64-linux-gnu/libgmodule-2.0.so.0.3800.1
7fd45ccfd000-7fd45ccfe000 r--p 00002000 ca:00 36395                      /usr/lib/x86_64-linux-gnu/libgmodule-2.0.so.0.3800.1
7fd45ccfe000-7fd45ccff000 rw-p 00003000 ca:00 36395                      /usr/lib/x86_64-linux-gnu/libgmodule-2.0.so.0.3800.1
7fd45ccff000-7fd45cdfd000 r-xp 00000000 ca:00 2804                       /lib/x86_64-linux-gnu/libglib-2.0.so.0.3800.1
7fd45cdfd000-7fd45cffd000 ---p 000fe000 ca:00 2804                       /lib/x86_64-linux-gnu/libglib-2.0.so.0.3800.1
7fd45cffd000-7fd45cffe000 r--p 000fe000 ca:00 2804                       /lib/x86_64-linux-gnu/libglib-2.0.so.0.3800.1
7fd45cffe000-7fd45cfff000 rw-p 000ff000 ca:00 2804                       /lib/x86_64-linux-gnu/libglib-2.0.so.0.3800.1
7fd45cfff000-7fd45d000000 rw-p 00000000 00:00 0 
7fd45d000000-7fd45d290000 rwxp 00000000 00:00 0 
7fd45d290000-7fd460dbd000 rw-p 00000000 00:00 0 
7fd460dbd000-7fd464000000 ---p 00000000 00:00 0 
7fd464000000-7fd464001000 r--s 00005000 ca:00 949308                     /root/.sbt/boot/scala-2.10.2/org.scala-sbt/sbt/0.13.0/relation-0.13.0.jar
7fd464001000-7fd464003000 r--s 00013000 ca:00 949298                     /root/.sbt/boot/scala-2.10.2/org.scala-sbt/sbt/0.13.0/classpath-0.13.0.jar
7fd464003000-7fd464006000 r--s 00012000 ca:00 949314                     /root/.sbt/boot/scala-2.10.2/org.scala-sbt/sbt/0.13.0/classfile-0.13.0.jar
7fd464006000-7fd464008000 r--s 00012000 ca:00 949306                     /root/.sbt/boot/scala-2.10.2/org.scala-sbt/sbt/0.13.0/apply-macro-0.13.0.jar
7fd464008000-7fd46400b000 r--s 0001b000 ca:00 949302                     /root/.sbt/boot/scala-2.10.2/org.scala-sbt/sbt/0.13.0/process-0.13.0.jar
7fd46400b000-7fd46400d000 r--s 00001000 ca:00 949310                     /root/.sbt/boot/scala-2.10.2/org.scala-sbt/sbt/0.13.0/cross-0.13.0.jar
7fd46400d000-7fd464010000 r--s 00019000 ca:00 949292                     /root/.sbt/boot/scala-2.10.2/org.scala-sbt/sbt/0.13.0/compile-0.13.0.jar
7fd464010000-7fd464016000 r--s 0003d000 ca:00 949331                     /root/.sbt/boot/scala-2.10.2/org.scala-sbt/sbt/0.13.0/io-0.13.0.jar
7fd464016000-7fd46404b000 r--s 002d2000 ca:00 949338                     /root/.sbt/boot/scala-2.10.2/lib/scala-reflect.jar
7fd46404b000-7fd464148000 r--s 00cc2000 ca:00 949336                     /root/.sbt/boot/scala-2.10.2/lib/scala-compiler.jar
7fd464148000-7fd4641ba000 r--s 00659000 ca:00 949335                     /root/.sbt/boot/scala-2.10.2/lib/scala-library.jar
7fd4641ba000-7fd464209000 r-xp 00000000 ca:00 35242                      /usr/lib/x86_64-linux-gnu/libgobject-2.0.so.0.3800.1
7fd464209000-7fd464409000 ---p 0004f000 ca:00 35242                      /usr/lib/x86_64-linux-gnu/libgobject-2.0.so.0.3800.1
7fd464409000-7fd46440a000 r--p 0004f000 ca:00 35242                      /usr/lib/x86_64-linux-gnu/libgobject-2.0.so.0.3800.1
7fd46440a000-7fd46440b000 rw-p 00050000 ca:00 35242                      /usr/lib/x86_64-linux-gnu/libgobject-2.0.so.0.3800.1
7fd46440b000-7fd464567000 r-xp 00000000 ca:00 35241                      /usr/lib/x86_64-linux-gnu/libgio-2.0.so.0.3800.1
7fd464567000-7fd464766000 ---p 0015c000 ca:00 35241                      /usr/lib/x86_64-linux-gnu/libgio-2.0.so.0.3800.1
7fd464766000-7fd46476a000 r--p 0015b000 ca:00 35241                      /usr/lib/x86_64-linux-gnu/libgio-2.0.so.0.3800.1
7fd46476a000-7fd46476c000 rw-p 0015f000 ca:00 35241                      /usr/lib/x86_64-linux-gnu/libgio-2.0.so.0.3800.1
7fd46476c000-7fd46476e000 rw-p 00000000 00:00 0 
7fd46476e000-7fd464770000 r--s 00002000 ca:00 949290                     /root/.sbt/boot/scala-2.10.2/org.scala-sbt/sbt/0.13.0/test-interface-1.0.jar
7fd464770000-7fd464772000 r--s 00001000 ca:00 949286                     /root/.sbt/boot/scala-2.10.2/org.scala-sbt/sbt/0.13.0/launcher-interface-0.13.0.jar
7fd464772000-7fd464776000 r--s 00025000 ca:00 949337                     /root/.sbt/boot/scala-2.10.2/lib/jline.jar
7fd464776000-7fd464779000 r--s 00018000 ca:00 949334                     /root/.sbt/boot/scala-2.10.2/lib/jansi.jar
7fd464779000-7fd46478f000 r-xp 00000000 ca:00 64047                      /usr/lib/jvm/java-7-openjdk-amd64/jre/lib/amd64/libnet.so
7fd46478f000-7fd46498f000 ---p 00016000 ca:00 64047                      /usr/lib/jvm/java-7-openjdk-amd64/jre/lib/amd64/libnet.so
7fd46498f000-7fd464990000 r--p 00016000 ca:00 64047                      /usr/lib/jvm/java-7-openjdk-amd64/jre/lib/amd64/libnet.so
7fd464990000-7fd464991000 rw-p 00017000 ca:00 64047                      /usr/lib/jvm/java-7-openjdk-amd64/jre/lib/amd64/libnet.so
7fd464991000-7fd4649aa000 r--s 000fc000 ca:00 917527                     /opt/play-2.2.3/framework/sbt/sbt-launch.jar
7fd4649aa000-7fd4649ad000 r--s 00032000 ca:00 64705                      /usr/lib/jvm/java-7-openjdk-amd64/jre/lib/ext/sunjce_provider.jar
7fd4649ad000-7fd4649b1000 r--s 0003b000 ca:00 64709                      /usr/lib/jvm/java-7-openjdk-amd64/jre/lib/ext/sunpkcs11.jar
7fd4649b1000-7fd4649b3000 r--s 00012000 ca:00 64702                      /usr/lib/jvm/java-7-openjdk-amd64/jre/lib/ext/zipfs.jar
7fd4649b3000-7fd4649b7000 r--s 00085000 ca:00 64695                      /usr/lib/jvm/java-7-openjdk-amd64/jre/lib/ext/localedata.jar
7fd4649b7000-7fd4649b8000 ---p 00000000 00:00 0 
7fd4649b8000-7fd464ab8000 rw-p 00000000 00:00 0                          [stack:15891]
7fd464ab8000-7fd464abb000 ---p 00000000 00:00 0 
7fd464abb000-7fd464bb9000 rw-p 00000000 00:00 0                          [stack:15890]
7fd464bb9000-7fd464bbc000 ---p 00000000 00:00 0 
7fd464bbc000-7fd464cba000 rw-p 00000000 00:00 0                          [stack:15889]
7fd464cba000-7fd464cbd000 ---p 00000000 00:00 0 
7fd464cbd000-7fd464dbb000 rw-p 00000000 00:00 0                          [stack:15888]
7fd464dbb000-7fd464dbe000 ---p 00000000 00:00 0 
7fd464dbe000-7fd464ebc000 rw-p 00000000 00:00 0                          [stack:15887]
7fd464ebc000-7fd465185000 r--p 00000000 ca:00 1526                       /usr/lib/locale/locale-archive
7fd465185000-7fd465188000 ---p 00000000 00:00 0 
7fd465188000-7fd465286000 rw-p 00000000 00:00 0                          [stack:15886]
7fd465286000-7fd465289000 ---p 00000000 00:00 0 
7fd465289000-7fd465387000 rw-p 00000000 00:00 0                          [stack:15885]
7fd465387000-7fd465388000 ---p 00000000 00:00 0 
7fd465388000-7fd465dda000 rw-p 00000000 00:00 0                          [stack:15884]
7fd465dda000-7fd465f88000 r--s 01cfc000 ca:00 1346600                    /usr/lib/jvm/java-7-openjdk-amd64/jre/lib/rt.jar
7fd465f88000-7fd466419000 rw-p 00000000 00:00 0 
7fd466419000-7fd46641a000 ---p 00000000 00:00 0 
7fd46641a000-7fd46651a000 rw-p 00000000 00:00 0                          [stack:15883]
7fd46651a000-7fd46651b000 ---p 00000000 00:00 0 
7fd46651b000-7fd466636000 rw-p 00000000 00:00 0                          [stack:15882]
7fd466636000-7fd4666db000 rw-p 00000000 00:00 0 
7fd4666db000-7fd466786000 rw-p 00000000 00:00 0 
7fd466786000-7fd4668db000 rw-p 00000000 00:00 0 
7fd4668db000-7fd4668f6000 rw-p 00000000 00:00 0 
7fd4668f6000-7fd46699b000 rw-p 00000000 00:00 0 
7fd46699b000-7fd466a46000 rw-p 00000000 00:00 0 
7fd466a46000-7fd466b9b000 rw-p 00000000 00:00 0 
7fd466b9b000-7fd466c31000 rw-p 00000000 00:00 0 
7fd466c31000-7fd466c9b000 rw-p 00000000 00:00 0 
7fd466c9b000-7fd466c9c000 rw-p 00000000 00:00 0 
7fd466c9c000-7fd466ca4000 r-xp 00000000 ca:00 64039                      /usr/lib/jvm/java-7-openjdk-amd64/jre/lib/amd64/libzip.so
7fd466ca4000-7fd466ea3000 ---p 00008000 ca:00 64039                      /usr/lib/jvm/java-7-openjdk-amd64/jre/lib/amd64/libzip.so
7fd466ea3000-7fd466ea4000 r--p 00007000 ca:00 64039                      /usr/lib/jvm/java-7-openjdk-amd64/jre/lib/amd64/libzip.so
7fd466ea4000-7fd466ea5000 rw-p 00008000 ca:00 64039                      /usr/lib/jvm/java-7-openjdk-amd64/jre/lib/amd64/libzip.so
7fd466ea5000-7fd466eb1000 r-xp 00000000 ca:00 2776                       /lib/x86_64-linux-gnu/libnss_files-2.17.so
7fd466eb1000-7fd4670b0000 ---p 0000c000 ca:00 2776                       /lib/x86_64-linux-gnu/libnss_files-2.17.so
7fd4670b0000-7fd4670b1000 r--p 0000b000 ca:00 2776                       /lib/x86_64-linux-gnu/libnss_files-2.17.so
7fd4670b1000-7fd4670b2000 rw-p 0000c000 ca:00 2776                       /lib/x86_64-linux-gnu/libnss_files-2.17.so
7fd4670b2000-7fd4670bd000 r-xp 00000000 ca:00 2774                       /lib/x86_64-linux-gnu/libnss_nis-2.17.so
7fd4670bd000-7fd4672bc000 ---p 0000b000 ca:00 2774                       /lib/x86_64-linux-gnu/libnss_nis-2.17.so
7fd4672bc000-7fd4672bd000 r--p 0000a000 ca:00 2774                       /lib/x86_64-linux-gnu/libnss_nis-2.17.so
7fd4672bd000-7fd4672be000 rw-p 0000b000 ca:00 2774                       /lib/x86_64-linux-gnu/libnss_nis-2.17.so
7fd4672be000-7fd4672d5000 r-xp 00000000 ca:00 2760                       /lib/x86_64-linux-gnu/libnsl-2.17.so
7fd4672d5000-7fd4674d4000 ---p 00017000 ca:00 2760                       /lib/x86_64-linux-gnu/libnsl-2.17.so
7fd4674d4000-7fd4674d5000 r--p 00016000 ca:00 2760                       /lib/x86_64-linux-gnu/libnsl-2.17.so
7fd4674d5000-7fd4674d6000 rw-p 00017000 ca:00 2760                       /lib/x86_64-linux-gnu/libnsl-2.17.so
7fd4674d6000-7fd4674d8000 rw-p 00000000 00:00 0 
7fd4674d8000-7fd4674e0000 r-xp 00000000 ca:00 2764                       /lib/x86_64-linux-gnu/libnss_compat-2.17.so
7fd4674e0000-7fd4676df000 ---p 00008000 ca:00 2764                       /lib/x86_64-linux-gnu/libnss_compat-2.17.so
7fd4676df000-7fd4676e0000 r--p 00007000 ca:00 2764                       /lib/x86_64-linux-gnu/libnss_compat-2.17.so
7fd4676e0000-7fd4676e1000 rw-p 00008000 ca:00 2764                       /lib/x86_64-linux-gnu/libnss_compat-2.17.so
7fd4676e1000-7fd46770c000 r-xp 00000000 ca:00 64036                      /usr/lib/jvm/java-7-openjdk-amd64/jre/lib/amd64/libjava.so
7fd46770c000-7fd46790b000 ---p 0002b000 ca:00 64036                      /usr/lib/jvm/java-7-openjdk-amd64/jre/lib/amd64/libjava.so
7fd46790b000-7fd46790c000 r--p 0002a000 ca:00 64036                      /usr/lib/jvm/java-7-openjdk-amd64/jre/lib/amd64/libjava.so
7fd46790c000-7fd46790e000 rw-p 0002b000 ca:00 64036                      /usr/lib/jvm/java-7-openjdk-amd64/jre/lib/amd64/libjava.so
7fd46790e000-7fd46791e000 r-xp 00000000 ca:00 64061                      /usr/lib/jvm/java-7-openjdk-amd64/jre/lib/amd64/libverify.so
7fd46791e000-7fd467b1d000 ---p 00010000 ca:00 64061                      /usr/lib/jvm/java-7-openjdk-amd64/jre/lib/amd64/libverify.so
7fd467b1d000-7fd467b1f000 r--p 0000f000 ca:00 64061                      /usr/lib/jvm/java-7-openjdk-amd64/jre/lib/amd64/libverify.so
7fd467b1f000-7fd467b20000 rw-p 00011000 ca:00 64061                      /usr/lib/jvm/java-7-openjdk-amd64/jre/lib/amd64/libverify.so
7fd467b20000-7fd467b27000 r-xp 00000000 ca:00 2777                       /lib/x86_64-linux-gnu/librt-2.17.so
7fd467b27000-7fd467d26000 ---p 00007000 ca:00 2777                       /lib/x86_64-linux-gnu/librt-2.17.so
7fd467d26000-7fd467d27000 r--p 00006000 ca:00 2777                       /lib/x86_64-linux-gnu/librt-2.17.so
7fd467d27000-7fd467d28000 rw-p 00007000 ca:00 2777                       /lib/x86_64-linux-gnu/librt-2.17.so
7fd467d28000-7fd467d3d000 r-xp 00000000 ca:00 2759                       /lib/x86_64-linux-gnu/libgcc_s.so.1
7fd467d3d000-7fd467f3c000 ---p 00015000 ca:00 2759                       /lib/x86_64-linux-gnu/libgcc_s.so.1
7fd467f3c000-7fd467f3d000 r--p 00014000 ca:00 2759                       /lib/x86_64-linux-gnu/libgcc_s.so.1
7fd467f3d000-7fd467f3e000 rw-p 00015000 ca:00 2759                       /lib/x86_64-linux-gnu/libgcc_s.so.1
7fd467f3e000-7fd468041000 r-xp 00000000 ca:00 2767                       /lib/x86_64-linux-gnu/libm-2.17.so
7fd468041000-7fd468240000 ---p 00103000 ca:00 2767                       /lib/x86_64-linux-gnu/libm-2.17.so
7fd468240000-7fd468241000 r--p 00102000 ca:00 2767                       /lib/x86_64-linux-gnu/libm-2.17.so
7fd468241000-7fd468242000 rw-p 00103000 ca:00 2767                       /lib/x86_64-linux-gnu/libm-2.17.so
7fd468242000-7fd468328000 r-xp 00000000 ca:00 35237                      /usr/lib/x86_64-linux-gnu/libstdc++.so.6.0.18
7fd468328000-7fd468527000 ---p 000e6000 ca:00 35237                      /usr/lib/x86_64-linux-gnu/libstdc++.so.6.0.18
7fd468527000-7fd46852f000 r--p 000e5000 ca:00 35237                      /usr/lib/x86_64-linux-gnu/libstdc++.so.6.0.18
7fd46852f000-7fd468531000 rw-p 000ed000 ca:00 35237                      /usr/lib/x86_64-linux-gnu/libstdc++.so.6.0.18
7fd468531000-7fd468546000 rw-p 00000000 00:00 0 
7fd468546000-7fd469025000 r-xp 00000000 ca:00 64609                      /usr/lib/jvm/java-7-openjdk-amd64/jre/lib/amd64/server/libjvm.so
7fd469025000-7fd469225000 ---p 00adf000 ca:00 64609                      /usr/lib/jvm/java-7-openjdk-amd64/jre/lib/amd64/server/libjvm.so
7fd469225000-7fd4692b7000 r--p 00adf000 ca:00 64609                      /usr/lib/jvm/java-7-openjdk-amd64/jre/lib/amd64/server/libjvm.so
7fd4692b7000-7fd4692da000 rw-p 00b71000 ca:00 64609                      /usr/lib/jvm/java-7-openjdk-amd64/jre/lib/amd64/server/libjvm.so
7fd4692da000-7fd469307000 rw-p 00000000 00:00 0 
7fd469307000-7fd46931f000 r-xp 00000000 ca:00 4922                       /lib/x86_64-linux-gnu/libz.so.1.2.8
7fd46931f000-7fd46951e000 ---p 00018000 ca:00 4922                       /lib/x86_64-linux-gnu/libz.so.1.2.8
7fd46951e000-7fd46951f000 r--p 00017000 ca:00 4922                       /lib/x86_64-linux-gnu/libz.so.1.2.8
7fd46951f000-7fd469520000 rw-p 00018000 ca:00 4922                       /lib/x86_64-linux-gnu/libz.so.1.2.8
7fd469520000-7fd469537000 r-xp 00000000 ca:00 2784                       /lib/x86_64-linux-gnu/libpthread-2.17.so
7fd469537000-7fd469737000 ---p 00017000 ca:00 2784                       /lib/x86_64-linux-gnu/libpthread-2.17.so
7fd469737000-7fd469738000 r--p 00017000 ca:00 2784                       /lib/x86_64-linux-gnu/libpthread-2.17.so
7fd469738000-7fd469739000 rw-p 00018000 ca:00 2784                       /lib/x86_64-linux-gnu/libpthread-2.17.so
7fd469739000-7fd46973d000 rw-p 00000000 00:00 0 
7fd46973d000-7fd469740000 r-xp 00000000 ca:00 2783                       /lib/x86_64-linux-gnu/libdl-2.17.so
7fd469740000-7fd46993f000 ---p 00003000 ca:00 2783                       /lib/x86_64-linux-gnu/libdl-2.17.so
7fd46993f000-7fd469940000 r--p 00002000 ca:00 2783                       /lib/x86_64-linux-gnu/libdl-2.17.so
7fd469940000-7fd469941000 rw-p 00003000 ca:00 2783                       /lib/x86_64-linux-gnu/libdl-2.17.so
7fd469941000-7fd469afe000 r-xp 00000000 ca:00 2782                       /lib/x86_64-linux-gnu/libc-2.17.so
7fd469afe000-7fd469cfe000 ---p 001bd000 ca:00 2782                       /lib/x86_64-linux-gnu/libc-2.17.so
7fd469cfe000-7fd469d02000 r--p 001bd000 ca:00 2782                       /lib/x86_64-linux-gnu/libc-2.17.so
7fd469d02000-7fd469d04000 rw-p 001c1000 ca:00 2782                       /lib/x86_64-linux-gnu/libc-2.17.so
7fd469d04000-7fd469d09000 rw-p 00000000 00:00 0 
7fd469d09000-7fd469d16000 r-xp 00000000 ca:00 64614                      /usr/lib/jvm/java-7-openjdk-amd64/jre/lib/amd64/jli/libjli.so
7fd469d16000-7fd469f15000 ---p 0000d000 ca:00 64614                      /usr/lib/jvm/java-7-openjdk-amd64/jre/lib/amd64/jli/libjli.so
7fd469f15000-7fd469f16000 r--p 0000c000 ca:00 64614                      /usr/lib/jvm/java-7-openjdk-amd64/jre/lib/amd64/jli/libjli.so
7fd469f16000-7fd469f17000 rw-p 0000d000 ca:00 64614                      /usr/lib/jvm/java-7-openjdk-amd64/jre/lib/amd64/jli/libjli.so
7fd469f17000-7fd469f3a000 r-xp 00000000 ca:00 2770                       /lib/x86_64-linux-gnu/ld-2.17.so
7fd469f3a000-7fd469f3b000 r--s 0000a000 ca:00 949293                     /root/.sbt/boot/scala-2.10.2/org.scala-sbt/sbt/0.13.0/tracking-0.13.0.jar
7fd469f3b000-7fd469f3d000 r--s 00006000 ca:00 38699                      /usr/share/java/java-atk-wrapper.jar
7fd469f3d000-7fd469f40000 r--s 0000f000 ca:00 64697                      /usr/lib/jvm/java-7-openjdk-amd64/jre/lib/ext/pulse-java.jar
7fd469f40000-7fd469f71000 rw-p 00000000 00:00 0 
7fd469f71000-7fd46a026000 rw-p 00000000 00:00 0 
7fd46a026000-7fd46a029000 ---p 00000000 00:00 0 
7fd46a029000-7fd46a12c000 rw-p 00000000 00:00 0                          [stack:15881]
7fd46a12c000-7fd46a12d000 r--s 00002000 ca:00 64707                      /usr/lib/jvm/java-7-openjdk-amd64/jre/lib/ext/dnsns.jar
7fd46a12d000-7fd46a135000 rw-s 00000000 ca:00 56170                      /tmp/hsperfdata_root/15880
7fd46a135000-7fd46a136000 rw-p 00000000 00:00 0 
7fd46a136000-7fd46a137000 ---p 00000000 00:00 0 
7fd46a137000-7fd46a139000 rw-p 00000000 00:00 0 
7fd46a139000-7fd46a13a000 r--p 00022000 ca:00 2770                       /lib/x86_64-linux-gnu/ld-2.17.so
7fd46a13a000-7fd46a13c000 rw-p 00023000 ca:00 2770                       /lib/x86_64-linux-gnu/ld-2.17.so
7fffd6db8000-7fffd6dd9000 rw-p 00000000 00:00 0                          [stack]
7fffd6df5000-7fffd6df6000 r-xp 00000000 00:00 0                          [vdso]
7fffd6df6000-7fffd6df8000 r--p 00000000 00:00 0                          [vvar]
ffffffffff600000-ffffffffff601000 r-xp 00000000 00:00 0                  [vsyscall]

VM Arguments:
jvm_args: -Xms512M -Xmx1536M -Xss1M -XX:+CMSClassUnloadingEnabled -XX:MaxPermSize=384M 
java_command: /opt/play-2.2.3/framework/sbt/sbt-launch.jar -Dsbt.log.noformat=true dist
Launcher Type: SUN_STANDARD

Environment Variables:
PATH=/usr/local/sbin:/usr/local/bin:/usr/sbin:/usr/bin:/sbin:/bin:/usr/games:/usr/local/games
SHELL=/bin/bash

Signal Handlers:
SIGSEGV: [libjvm.so+0x916eb0], sa_mask[0]=0x7ffbfeff, sa_flags=0x10000004
SIGBUS: [libjvm.so+0x916eb0], sa_mask[0]=0x7ffbfeff, sa_flags=0x10000004
SIGFPE: [libjvm.so+0x7947e0], sa_mask[0]=0x7ffbfeff, sa_flags=0x10000004
SIGPIPE: [libjvm.so+0x7947e0], sa_mask[0]=0x7ffbfeff, sa_flags=0x10000004
SIGXFSZ: [libjvm.so+0x7947e0], sa_mask[0]=0x7ffbfeff, sa_flags=0x10000004
SIGILL: [libjvm.so+0x7947e0], sa_mask[0]=0x7ffbfeff, sa_flags=0x10000004
SIGUSR1: SIG_DFL, sa_mask[0]=0x00000000, sa_flags=0x00000000
SIGUSR2: [libjvm.so+0x794680], sa_mask[0]=0x00000000, sa_flags=0x10000004
SIGHUP: [libjvm.so+0x794860], sa_mask[0]=0x7ffbfeff, sa_flags=0x10000004
SIGINT: [libjvm.so+0x794860], sa_mask[0]=0x7ffbfeff, sa_flags=0x10000004
SIGTERM: [libjvm.so+0x794860], sa_mask[0]=0x7ffbfeff, sa_flags=0x10000004
SIGQUIT: [libjvm.so+0x794860], sa_mask[0]=0x7ffbfeff, sa_flags=0x10000004


---------------  S Y S T E M  ---------------

OS:Ubuntu 13.10 (saucy)
uname:Linux 3.16.7-x86_64-linode49 #3 SMP Fri Nov 14 16:55:37 EST 2014 x86_64
libc:glibc 2.17 NPTL 2.17 
rlimit: STACK 8192k, CORE 0k, NPROC 7971, NOFILE 4096, AS infinity
load average:0.17 0.07 0.06

/proc/meminfo:
MemTotal:        2042940 kB
MemFree:           19192 kB
MemAvailable:     171196 kB
Buffers:           10980 kB
Cached:           150864 kB
SwapCached:        10268 kB
Active:          1344228 kB
Inactive:         541548 kB
Active(anon):    1279228 kB
Inactive(anon):   476380 kB
Active(file):      65000 kB
Inactive(file):    65168 kB
Unevictable:           0 kB
Mlocked:               0 kB
SwapTotal:        262140 kB
SwapFree:              0 kB
Dirty:               168 kB
Writeback:             0 kB
AnonPages:       1713656 kB
Mapped:            85216 kB
Shmem:             31676 kB
Slab:              60620 kB
SReclaimable:      43232 kB
SUnreclaim:        17388 kB
KernelStack:        4784 kB
PageTables:        14320 kB
NFS_Unstable:          0 kB
Bounce:                0 kB
WritebackTmp:          0 kB
CommitLimit:     1283608 kB
Committed_AS:    3805140 kB
VmallocTotal:   34359738367 kB
VmallocUsed:       12608 kB
VmallocChunk:   34359709936 kB
DirectMap4k:     2097152 kB
DirectMap2M:           0 kB


CPU:total 2 (16 cores per cpu, 2 threads per core) family 6 model 62 stepping 4, cmov, cx8, fxsr, mmx, sse, sse2, sse3, ssse3, sse4.1, sse4.2, popcnt, avx, aes, erms, ht, tsc, tscinvbit

/proc/cpuinfo:
processor	: 0
vendor_id	: GenuineIntel
cpu family	: 6
model		: 62
model name	: Intel(R) Xeon(R) CPU E5-2680 v2 @ 2.80GHz
stepping	: 4
microcode	: 0x416
cpu MHz		: 2800.072
cache size	: 25600 KB
physical id	: 0
siblings	: 2
core id		: 4
cpu cores	: 1
apicid		: 8
initial apicid	: 8
fpu		: yes
fpu_exception	: yes
cpuid level	: 13
wp		: yes
flags		: fpu de tsc msr pae cx8 apic sep cmov pat clflush mmx fxsr sse sse2 ss ht syscall nx lm constant_tsc rep_good nopl nonstop_tsc eagerfpu pni pclmulqdq ssse3 cx16 sse4_1 sse4_2 popcnt tsc_deadline_timer aes xsave avx f16c rdrand hypervisor lahf_lm ida arat epb xsaveopt pln pts dtherm fsgsbase erms
bogomips	: 5602.48
clflush size	: 64
cache_alignment	: 64
address sizes	: 46 bits physical, 48 bits virtual
power management:

processor	: 1
vendor_id	: GenuineIntel
cpu family	: 6
model		: 62
model name	: Intel(R) Xeon(R) CPU E5-2680 v2 @ 2.80GHz
stepping	: 4
microcode	: 0x416
cpu MHz		: 2800.072
cache size	: 25600 KB
physical id	: 0
siblings	: 2
core id		: 4
cpu cores	: 1
apicid		: 8
initial apicid	: 8
fpu		: yes
fpu_exception	: yes
cpuid level	: 13
wp		: yes
flags		: fpu de tsc msr pae cx8 apic sep cmov pat clflush mmx fxsr sse sse2 ss ht syscall nx lm constant_tsc rep_good nopl nonstop_tsc eagerfpu pni pclmulqdq ssse3 cx16 sse4_1 sse4_2 popcnt tsc_deadline_timer aes xsave avx f16c rdrand hypervisor lahf_lm ida arat epb xsaveopt pln pts dtherm fsgsbase erms
bogomips	: 5602.48
clflush size	: 64
cache_alignment	: 64
address sizes	: 46 bits physical, 48 bits virtual
power management:



Memory: 4k page, physical 2042940k(19192k free), swap 262140k(0k free)

vm_info: OpenJDK 64-Bit Server VM (24.51-b03) for linux-amd64 JRE (1.7.0_55-b14), built on Apr 17 2014 21:13:26 by "buildd" with gcc 4.8.1

time: Fri Feb  6 11:48:28 2015
elapsed time: 11 seconds

